<?xml version="1.0" encoding="UTF-8"?>
<!-- Generated by org.testng.reporters.JUnitXMLReporter -->
<testsuite ignored="0" hostname="Masum" failures="0" tests="9" name="ParaBanking Test" time="87.902" errors="0" timestamp="2023-06-21T05:23:29 IST">
  <testcase classname="com.parabank.testCases.PB_Register_TestCase" name="RegisterTest" time="1.589"/>
  <testcase classname="com.parabank.testCases.PB_Login_TestCase" name="loginTest" time="5.796"/>
  <testcase classname="com.parabank.testCases.PB_Login_TestCase" name="loginTestInvalidCredentials" time="0.497"/>
  <testcase classname="com.parabank.testCases.PB_Login_TestCase" name="loginTestWithoutCredentials" time="5.007"/>
  <testcase classname="com.parabank.testCases.PB_OpenNewAccount_TestCase" name="OpenNewAccountTest" time="18.819"/>
  <testcase classname="com.parabank.testCases.PB_TransferFunds_TestCase" name="TransferFundsWithoutAmountTest" time="11.935"/>
  <testcase classname="com.parabank.testCases.PB_TransferFunds_TestCase" name="TransferFundsWithValidDetailsTest" time="6.843"/>
  <testcase classname="com.parabank.testCases.PB_Bill_Pay_TestCase" name="BillPayWithoutAmountTest" time="11.6"/>
  <testcase classname="com.parabank.testCases.PB_Bill_Pay_TestCase" name="BillPayWithValidDetailsTest" time="6.719"/>
</testsuite> <!-- ParaBanking Test -->
