<?xml version="1.0" encoding="UTF-8"?>
<testng-results ignored="0" total="9" passed="6" failed="3" skipped="0">
  <reporter-output>
  </reporter-output>
  <suite started-at="2023-07-11T19:21:54 IST" name="ParaBankingSuite" finished-at="2023-07-11T19:27:16 IST" duration-ms="322753">
    <groups>
    </groups>
    <test started-at="2023-07-11T19:21:54 IST" name="ParaBanking Test" finished-at="2023-07-11T19:27:16 IST" duration-ms="322753">
      <class name="com.parabank.testCases.PB_OpenNewAccount_TestCase">
        <test-method is-config="true" signature="setup(java.lang.String)[pri:0, instance:com.parabank.testCases.PB_OpenNewAccount_TestCase@1c93f6e1]" started-at="2023-07-11T19:22:32 IST" name="setup" finished-at="2023-07-11T19:22:40 IST" duration-ms="8359" status="PASS">
          <params>
            <param index="0">
              <value>
                <![CDATA[chrome]]>
              </value>
            </param>
          </params>
          <reporter-output>
          </reporter-output>
        </test-method> <!-- setup -->
        <test-method signature="OpenNewAccountTest()[pri:0, instance:com.parabank.testCases.PB_OpenNewAccount_TestCase@1c93f6e1]" started-at="2023-07-11T19:22:40 IST" name="OpenNewAccountTest" finished-at="2023-07-11T19:23:00 IST" duration-ms="19469" status="PASS">
          <reporter-output>
          </reporter-output>
        </test-method> <!-- OpenNewAccountTest -->
        <test-method is-config="true" signature="tearDown()[pri:0, instance:com.parabank.testCases.PB_OpenNewAccount_TestCase@1c93f6e1]" started-at="2023-07-11T19:23:00 IST" name="tearDown" finished-at="2023-07-11T19:23:00 IST" duration-ms="298" status="PASS">
          <reporter-output>
          </reporter-output>
        </test-method> <!-- tearDown -->
      </class> <!-- com.parabank.testCases.PB_OpenNewAccount_TestCase -->
      <class name="com.parabank.testCases.PB_Login_TestCase">
        <test-method is-config="true" signature="setup(java.lang.String)[pri:0, instance:com.parabank.testCases.PB_Login_TestCase@632ceb35]" started-at="2023-07-11T19:22:08 IST" name="setup" finished-at="2023-07-11T19:22:13 IST" duration-ms="5046" status="PASS">
          <params>
            <param index="0">
              <value>
                <![CDATA[chrome]]>
              </value>
            </param>
          </params>
          <reporter-output>
          </reporter-output>
        </test-method> <!-- setup -->
        <test-method signature="loginTest()[pri:0, instance:com.parabank.testCases.PB_Login_TestCase@632ceb35]" started-at="2023-07-11T19:22:13 IST" name="loginTest" finished-at="2023-07-11T19:22:20 IST" duration-ms="6505" status="PASS">
          <reporter-output>
          </reporter-output>
        </test-method> <!-- loginTest -->
        <test-method signature="loginTestInvalidCredentials()[pri:1, instance:com.parabank.testCases.PB_Login_TestCase@632ceb35]" started-at="2023-07-11T19:22:20 IST" name="loginTestInvalidCredentials" finished-at="2023-07-11T19:22:27 IST" duration-ms="6720" status="FAIL">
          <exception class="java.lang.AssertionError">
            <message>
              <![CDATA[expected [true] but found [false]]]>
            </message>
            <full-stacktrace>
              <![CDATA[java.lang.AssertionError: expected [true] but found [false]
at org.testng.Assert.fail(Assert.java:111)
at org.testng.Assert.failNotEquals(Assert.java:1578)
at org.testng.Assert.assertTrue(Assert.java:57)
at org.testng.Assert.assertTrue(Assert.java:67)
at com.parabank.testCases.PB_Login_TestCase.loginTestInvalidCredentials(PB_Login_TestCase.java:66)
at java.base/jdk.internal.reflect.NativeMethodAccessorImpl.invoke0(Native Method)
at java.base/jdk.internal.reflect.NativeMethodAccessorImpl.invoke(NativeMethodAccessorImpl.java:77)
at java.base/jdk.internal.reflect.DelegatingMethodAccessorImpl.invoke(DelegatingMethodAccessorImpl.java:43)
at java.base/java.lang.reflect.Method.invoke(Method.java:568)
at org.testng.internal.invokers.MethodInvocationHelper.invokeMethod(MethodInvocationHelper.java:139)
at org.testng.internal.invokers.TestInvoker.invokeMethod(TestInvoker.java:664)
at org.testng.internal.invokers.TestInvoker.invokeTestMethod(TestInvoker.java:227)
at org.testng.internal.invokers.MethodRunner.runInSequence(MethodRunner.java:50)
at org.testng.internal.invokers.TestInvoker$MethodInvocationAgent.invoke(TestInvoker.java:957)
at org.testng.internal.invokers.TestInvoker.invokeTestMethods(TestInvoker.java:200)
at org.testng.internal.invokers.TestMethodWorker.invokeTestMethods(TestMethodWorker.java:148)
at org.testng.internal.invokers.TestMethodWorker.run(TestMethodWorker.java:128)
at java.base/java.util.ArrayList.forEach(ArrayList.java:1511)
at org.testng.TestRunner.privateRun(TestRunner.java:848)
at org.testng.TestRunner.run(TestRunner.java:621)
at org.testng.SuiteRunner.runTest(SuiteRunner.java:443)
at org.testng.SuiteRunner.runSequentially(SuiteRunner.java:437)
at org.testng.SuiteRunner.privateRun(SuiteRunner.java:397)
at org.testng.SuiteRunner.run(SuiteRunner.java:336)
at org.testng.SuiteRunnerWorker.runSuite(SuiteRunnerWorker.java:52)
at org.testng.SuiteRunnerWorker.run(SuiteRunnerWorker.java:95)
at org.testng.TestNG.runSuitesSequentially(TestNG.java:1280)
at org.testng.TestNG.runSuitesLocally(TestNG.java:1200)
at org.testng.TestNG.runSuites(TestNG.java:1114)
at org.testng.TestNG.run(TestNG.java:1082)
at org.testng.remote.AbstractRemoteTestNG.run(AbstractRemoteTestNG.java:115)
at org.testng.remote.RemoteTestNG.initAndRun(RemoteTestNG.java:251)
at org.testng.remote.RemoteTestNG.main(RemoteTestNG.java:77)
]]>
            </full-stacktrace>
          </exception> <!-- java.lang.AssertionError -->
          <reporter-output>
          </reporter-output>
        </test-method> <!-- loginTestInvalidCredentials -->
        <test-method signature="loginTestWithoutCredentials()[pri:2, instance:com.parabank.testCases.PB_Login_TestCase@632ceb35]" started-at="2023-07-11T19:22:27 IST" name="loginTestWithoutCredentials" finished-at="2023-07-11T19:22:32 IST" duration-ms="5030" status="PASS">
          <reporter-output>
          </reporter-output>
        </test-method> <!-- loginTestWithoutCredentials -->
        <test-method is-config="true" signature="tearDown()[pri:0, instance:com.parabank.testCases.PB_Login_TestCase@632ceb35]" started-at="2023-07-11T19:22:32 IST" name="tearDown" finished-at="2023-07-11T19:22:32 IST" duration-ms="269" status="PASS">
          <reporter-output>
          </reporter-output>
        </test-method> <!-- tearDown -->
      </class> <!-- com.parabank.testCases.PB_Login_TestCase -->
      <class name="com.parabank.testCases.PB_Register_TestCase">
        <test-method is-config="true" signature="setup(java.lang.String)[pri:0, instance:com.parabank.testCases.PB_Register_TestCase@73cd37c0]" started-at="2023-07-11T19:21:54 IST" name="setup" finished-at="2023-07-11T19:22:03 IST" duration-ms="8794" status="PASS">
          <params>
            <param index="0">
              <value>
                <![CDATA[chrome]]>
              </value>
            </param>
          </params>
          <reporter-output>
          </reporter-output>
        </test-method> <!-- setup -->
        <test-method signature="RegisterTest()[pri:0, instance:com.parabank.testCases.PB_Register_TestCase@73cd37c0]" started-at="2023-07-11T19:22:03 IST" name="RegisterTest" finished-at="2023-07-11T19:22:08 IST" duration-ms="5263" status="PASS">
          <reporter-output>
          </reporter-output>
        </test-method> <!-- RegisterTest -->
        <test-method is-config="true" signature="tearDown()[pri:0, instance:com.parabank.testCases.PB_Register_TestCase@73cd37c0]" started-at="2023-07-11T19:22:08 IST" name="tearDown" finished-at="2023-07-11T19:22:08 IST" duration-ms="175" status="PASS">
          <reporter-output>
          </reporter-output>
        </test-method> <!-- tearDown -->
      </class> <!-- com.parabank.testCases.PB_Register_TestCase -->
      <class name="com.parabank.testCases.PB_TransferFunds_TestCase">
        <test-method is-config="true" signature="setup(java.lang.String)[pri:0, instance:com.parabank.testCases.PB_TransferFunds_TestCase@1800a575]" started-at="2023-07-11T19:23:00 IST" name="setup" finished-at="2023-07-11T19:23:25 IST" duration-ms="25312" status="PASS">
          <params>
            <param index="0">
              <value>
                <![CDATA[chrome]]>
              </value>
            </param>
          </params>
          <reporter-output>
          </reporter-output>
        </test-method> <!-- setup -->
        <test-method signature="TransferFundsWithoutAmountTest()[pri:1, instance:com.parabank.testCases.PB_TransferFunds_TestCase@1800a575]" started-at="2023-07-11T19:23:25 IST" name="TransferFundsWithoutAmountTest" finished-at="2023-07-11T19:24:03 IST" duration-ms="37893" status="FAIL">
          <exception class="java.lang.AssertionError">
            <message>
              <![CDATA[expected [true] but found [false]]]>
            </message>
            <full-stacktrace>
              <![CDATA[java.lang.AssertionError: expected [true] but found [false]
at org.testng.Assert.fail(Assert.java:111)
at org.testng.Assert.failNotEquals(Assert.java:1578)
at org.testng.Assert.assertTrue(Assert.java:57)
at org.testng.Assert.assertTrue(Assert.java:67)
at com.parabank.testCases.PB_TransferFunds_TestCase.TransferFundsWithoutAmountTest(PB_TransferFunds_TestCase.java:54)
at java.base/jdk.internal.reflect.NativeMethodAccessorImpl.invoke0(Native Method)
at java.base/jdk.internal.reflect.NativeMethodAccessorImpl.invoke(NativeMethodAccessorImpl.java:77)
at java.base/jdk.internal.reflect.DelegatingMethodAccessorImpl.invoke(DelegatingMethodAccessorImpl.java:43)
at java.base/java.lang.reflect.Method.invoke(Method.java:568)
at org.testng.internal.invokers.MethodInvocationHelper.invokeMethod(MethodInvocationHelper.java:139)
at org.testng.internal.invokers.TestInvoker.invokeMethod(TestInvoker.java:664)
at org.testng.internal.invokers.TestInvoker.invokeTestMethod(TestInvoker.java:227)
at org.testng.internal.invokers.MethodRunner.runInSequence(MethodRunner.java:50)
at org.testng.internal.invokers.TestInvoker$MethodInvocationAgent.invoke(TestInvoker.java:957)
at org.testng.internal.invokers.TestInvoker.invokeTestMethods(TestInvoker.java:200)
at org.testng.internal.invokers.TestMethodWorker.invokeTestMethods(TestMethodWorker.java:148)
at org.testng.internal.invokers.TestMethodWorker.run(TestMethodWorker.java:128)
at java.base/java.util.ArrayList.forEach(ArrayList.java:1511)
at org.testng.TestRunner.privateRun(TestRunner.java:848)
at org.testng.TestRunner.run(TestRunner.java:621)
at org.testng.SuiteRunner.runTest(SuiteRunner.java:443)
at org.testng.SuiteRunner.runSequentially(SuiteRunner.java:437)
at org.testng.SuiteRunner.privateRun(SuiteRunner.java:397)
at org.testng.SuiteRunner.run(SuiteRunner.java:336)
at org.testng.SuiteRunnerWorker.runSuite(SuiteRunnerWorker.java:52)
at org.testng.SuiteRunnerWorker.run(SuiteRunnerWorker.java:95)
at org.testng.TestNG.runSuitesSequentially(TestNG.java:1280)
at org.testng.TestNG.runSuitesLocally(TestNG.java:1200)
at org.testng.TestNG.runSuites(TestNG.java:1114)
at org.testng.TestNG.run(TestNG.java:1082)
at org.testng.remote.AbstractRemoteTestNG.run(AbstractRemoteTestNG.java:115)
at org.testng.remote.RemoteTestNG.initAndRun(RemoteTestNG.java:251)
at org.testng.remote.RemoteTestNG.main(RemoteTestNG.java:77)
]]>
            </full-stacktrace>
          </exception> <!-- java.lang.AssertionError -->
          <reporter-output>
          </reporter-output>
        </test-method> <!-- TransferFundsWithoutAmountTest -->
        <test-method signature="TransferFundsWithValidDetailsTest()[pri:2, instance:com.parabank.testCases.PB_TransferFunds_TestCase@1800a575]" started-at="2023-07-11T19:24:03 IST" name="TransferFundsWithValidDetailsTest" finished-at="2023-07-11T19:24:15 IST" duration-ms="12165" status="FAIL">
          <exception class="org.openqa.selenium.NoSuchElementException">
            <message>
              <![CDATA[Cannot locate option with index: 1
For documentation on this error, please visit: https://www.seleniumhq.org/exceptions/no_such_element.html
Build info: version: '3.141.59', revision: 'e82be7d358', time: '2018-11-14T08:17:03'
System info: host: 'MASUM', ip: '192.168.0.113', os.name: 'Windows 11', os.arch: 'amd64', os.version: '10.0', java.version: '17.0.7'
Driver info: driver.version: unknown]]>
            </message>
            <full-stacktrace>
              <![CDATA[org.openqa.selenium.NoSuchElementException: Cannot locate option with index: 1
For documentation on this error, please visit: https://www.seleniumhq.org/exceptions/no_such_element.html
Build info: version: '3.141.59', revision: 'e82be7d358', time: '2018-11-14T08:17:03'
System info: host: 'MASUM', ip: '192.168.0.113', os.name: 'Windows 11', os.arch: 'amd64', os.version: '10.0', java.version: '17.0.7'
Driver info: driver.version: unknown
at org.openqa.selenium.support.ui.Select.setSelectedByIndex(Select.java:297)
at org.openqa.selenium.support.ui.Select.selectByIndex(Select.java:172)
at com.parabank.testCases.PB_TransferFunds_TestCase.TransferFundsWithValidDetailsTest(PB_TransferFunds_TestCase.java:74)
at java.base/jdk.internal.reflect.NativeMethodAccessorImpl.invoke0(Native Method)
at java.base/jdk.internal.reflect.NativeMethodAccessorImpl.invoke(NativeMethodAccessorImpl.java:77)
at java.base/jdk.internal.reflect.DelegatingMethodAccessorImpl.invoke(DelegatingMethodAccessorImpl.java:43)
at java.base/java.lang.reflect.Method.invoke(Method.java:568)
at org.testng.internal.invokers.MethodInvocationHelper.invokeMethod(MethodInvocationHelper.java:139)
at org.testng.internal.invokers.TestInvoker.invokeMethod(TestInvoker.java:664)
at org.testng.internal.invokers.TestInvoker.invokeTestMethod(TestInvoker.java:227)
at org.testng.internal.invokers.MethodRunner.runInSequence(MethodRunner.java:50)
at org.testng.internal.invokers.TestInvoker$MethodInvocationAgent.invoke(TestInvoker.java:957)
at org.testng.internal.invokers.TestInvoker.invokeTestMethods(TestInvoker.java:200)
at org.testng.internal.invokers.TestMethodWorker.invokeTestMethods(TestMethodWorker.java:148)
at org.testng.internal.invokers.TestMethodWorker.run(TestMethodWorker.java:128)
at java.base/java.util.ArrayList.forEach(ArrayList.java:1511)
at org.testng.TestRunner.privateRun(TestRunner.java:848)
at org.testng.TestRunner.run(TestRunner.java:621)
at org.testng.SuiteRunner.runTest(SuiteRunner.java:443)
at org.testng.SuiteRunner.runSequentially(SuiteRunner.java:437)
at org.testng.SuiteRunner.privateRun(SuiteRunner.java:397)
at org.testng.SuiteRunner.run(SuiteRunner.java:336)
at org.testng.SuiteRunnerWorker.runSuite(SuiteRunnerWorker.java:52)
at org.testng.SuiteRunnerWorker.run(SuiteRunnerWorker.java:95)
at org.testng.TestNG.runSuitesSequentially(TestNG.java:1280)
at org.testng.TestNG.runSuitesLocally(TestNG.java:1200)
at org.testng.TestNG.runSuites(TestNG.java:1114)
at org.testng.TestNG.run(TestNG.java:1082)
at org.testng.remote.AbstractRemoteTestNG.run(AbstractRemoteTestNG.java:115)
at org.testng.remote.RemoteTestNG.initAndRun(RemoteTestNG.java:251)
at org.testng.remote.RemoteTestNG.main(RemoteTestNG.java:77)
]]>
            </full-stacktrace>
          </exception> <!-- org.openqa.selenium.NoSuchElementException -->
          <reporter-output>
          </reporter-output>
        </test-method> <!-- TransferFundsWithValidDetailsTest -->
        <test-method is-config="true" signature="tearDown()[pri:0, instance:com.parabank.testCases.PB_TransferFunds_TestCase@1800a575]" started-at="2023-07-11T19:24:15 IST" name="tearDown" finished-at="2023-07-11T19:24:16 IST" duration-ms="237" status="PASS">
          <reporter-output>
          </reporter-output>
        </test-method> <!-- tearDown -->
      </class> <!-- com.parabank.testCases.PB_TransferFunds_TestCase -->
      <class name="com.parabank.testCases.PB_Bill_Pay_TestCase">
        <test-method is-config="true" signature="setup(java.lang.String)[pri:0, instance:com.parabank.testCases.PB_Bill_Pay_TestCase@1458ed9c]" started-at="2023-07-11T19:24:16 IST" name="setup" finished-at="2023-07-11T19:26:15 IST" duration-ms="119125" status="PASS">
          <params>
            <param index="0">
              <value>
                <![CDATA[chrome]]>
              </value>
            </param>
          </params>
          <reporter-output>
          </reporter-output>
        </test-method> <!-- setup -->
        <test-method signature="BillPayWithValidDetailsTest()[pri:1, instance:com.parabank.testCases.PB_Bill_Pay_TestCase@1458ed9c]" started-at="2023-07-11T19:26:15 IST" name="BillPayWithValidDetailsTest" finished-at="2023-07-11T19:26:52 IST" duration-ms="36936" status="PASS">
          <reporter-output>
          </reporter-output>
        </test-method> <!-- BillPayWithValidDetailsTest -->
        <test-method signature="BillPayWithoutAmountTest()[pri:2, instance:com.parabank.testCases.PB_Bill_Pay_TestCase@1458ed9c]" started-at="2023-07-11T19:26:52 IST" name="BillPayWithoutAmountTest" finished-at="2023-07-11T19:27:16 IST" duration-ms="24357" status="PASS">
          <reporter-output>
          </reporter-output>
        </test-method> <!-- BillPayWithoutAmountTest -->
        <test-method is-config="true" signature="tearDown()[pri:0, instance:com.parabank.testCases.PB_Bill_Pay_TestCase@1458ed9c]" started-at="2023-07-11T19:27:16 IST" name="tearDown" finished-at="2023-07-11T19:27:16 IST" duration-ms="280" status="PASS">
          <reporter-output>
          </reporter-output>
        </test-method> <!-- tearDown -->
      </class> <!-- com.parabank.testCases.PB_Bill_Pay_TestCase -->
    </test> <!-- ParaBanking Test -->
  </suite> <!-- ParaBankingSuite -->
</testng-results>
