<?xml version="1.0" encoding="UTF-8"?>
<testng-results ignored="0" total="9" passed="7" failed="2" skipped="0">
  <reporter-output>
  </reporter-output>
  <suite started-at="2023-06-21T05:13:36 IST" name="ParaBankingSuite" finished-at="2023-06-21T05:15:00 IST" duration-ms="84429">
    <groups>
    </groups>
    <test started-at="2023-06-21T05:13:36 IST" name="ParaBanking Test" finished-at="2023-06-21T05:15:00 IST" duration-ms="84429">
      <class name="com.parabank.testCases.PB_OpenNewAccount_TestCase">
        <test-method is-config="true" signature="setup(java.lang.String)[pri:0, instance:com.parabank.testCases.PB_OpenNewAccount_TestCase@73cd37c0]" started-at="2023-06-21T05:14:01 IST" name="setup" finished-at="2023-06-21T05:14:04 IST" duration-ms="2938" status="PASS">
          <params>
            <param index="0">
              <value>
                <![CDATA[chrome]]>
              </value>
            </param>
          </params>
          <reporter-output>
          </reporter-output>
        </test-method> <!-- setup -->
        <test-method signature="OpenNewAccountTest()[pri:0, instance:com.parabank.testCases.PB_OpenNewAccount_TestCase@73cd37c0]" started-at="2023-06-21T05:14:04 IST" name="OpenNewAccountTest" finished-at="2023-06-21T05:14:23 IST" duration-ms="19081" status="PASS">
          <reporter-output>
          </reporter-output>
        </test-method> <!-- OpenNewAccountTest -->
        <test-method is-config="true" signature="tearDown()[pri:0, instance:com.parabank.testCases.PB_OpenNewAccount_TestCase@73cd37c0]" started-at="2023-06-21T05:14:23 IST" name="tearDown" finished-at="2023-06-21T05:14:23 IST" duration-ms="190" status="PASS">
          <reporter-output>
          </reporter-output>
        </test-method> <!-- tearDown -->
      </class> <!-- com.parabank.testCases.PB_OpenNewAccount_TestCase -->
      <class name="com.parabank.testCases.PB_Login_TestCase">
        <test-method is-config="true" signature="setup(java.lang.String)[pri:0, instance:com.parabank.testCases.PB_Login_TestCase@5505ae1a]" started-at="2023-06-21T05:13:45 IST" name="setup" finished-at="2023-06-21T05:13:49 IST" duration-ms="3558" status="PASS">
          <params>
            <param index="0">
              <value>
                <![CDATA[chrome]]>
              </value>
            </param>
          </params>
          <reporter-output>
          </reporter-output>
        </test-method> <!-- setup -->
        <test-method signature="loginTest()[pri:0, instance:com.parabank.testCases.PB_Login_TestCase@5505ae1a]" started-at="2023-06-21T05:13:49 IST" name="loginTest" finished-at="2023-06-21T05:13:55 IST" duration-ms="6061" status="PASS">
          <reporter-output>
          </reporter-output>
        </test-method> <!-- loginTest -->
        <test-method signature="loginTestInvalidCredentials()[pri:1, instance:com.parabank.testCases.PB_Login_TestCase@5505ae1a]" started-at="2023-06-21T05:13:55 IST" name="loginTestInvalidCredentials" finished-at="2023-06-21T05:13:55 IST" duration-ms="584" status="PASS">
          <reporter-output>
          </reporter-output>
        </test-method> <!-- loginTestInvalidCredentials -->
        <test-method signature="loginTestWithoutCredentials()[pri:2, instance:com.parabank.testCases.PB_Login_TestCase@5505ae1a]" started-at="2023-06-21T05:13:55 IST" name="loginTestWithoutCredentials" finished-at="2023-06-21T05:14:00 IST" duration-ms="5016" status="PASS">
          <reporter-output>
          </reporter-output>
        </test-method> <!-- loginTestWithoutCredentials -->
        <test-method is-config="true" signature="tearDown()[pri:0, instance:com.parabank.testCases.PB_Login_TestCase@5505ae1a]" started-at="2023-06-21T05:14:00 IST" name="tearDown" finished-at="2023-06-21T05:14:01 IST" duration-ms="172" status="PASS">
          <reporter-output>
          </reporter-output>
        </test-method> <!-- tearDown -->
      </class> <!-- com.parabank.testCases.PB_Login_TestCase -->
      <class name="com.parabank.testCases.PB_Register_TestCase">
        <test-method is-config="true" signature="setup(java.lang.String)[pri:0, instance:com.parabank.testCases.PB_Register_TestCase@1869fbd2]" started-at="2023-06-21T05:13:36 IST" name="setup" finished-at="2023-06-21T05:13:42 IST" duration-ms="5988" status="PASS">
          <params>
            <param index="0">
              <value>
                <![CDATA[chrome]]>
              </value>
            </param>
          </params>
          <reporter-output>
          </reporter-output>
        </test-method> <!-- setup -->
        <test-method signature="RegisterTest()[pri:0, instance:com.parabank.testCases.PB_Register_TestCase@1869fbd2]" started-at="2023-06-21T05:13:42 IST" name="RegisterTest" finished-at="2023-06-21T05:13:45 IST" duration-ms="3213" status="PASS">
          <reporter-output>
          </reporter-output>
        </test-method> <!-- RegisterTest -->
        <test-method is-config="true" signature="tearDown()[pri:0, instance:com.parabank.testCases.PB_Register_TestCase@1869fbd2]" started-at="2023-06-21T05:13:45 IST" name="tearDown" finished-at="2023-06-21T05:13:45 IST" duration-ms="120" status="PASS">
          <reporter-output>
          </reporter-output>
        </test-method> <!-- tearDown -->
      </class> <!-- com.parabank.testCases.PB_Register_TestCase -->
      <class name="com.parabank.testCases.PB_TransferFunds_TestCase">
        <test-method is-config="true" signature="setup(java.lang.String)[pri:0, instance:com.parabank.testCases.PB_TransferFunds_TestCase@21337f7b]" started-at="2023-06-21T05:14:23 IST" name="setup" finished-at="2023-06-21T05:14:25 IST" duration-ms="2132" status="PASS">
          <params>
            <param index="0">
              <value>
                <![CDATA[chrome]]>
              </value>
            </param>
          </params>
          <reporter-output>
          </reporter-output>
        </test-method> <!-- setup -->
        <test-method signature="TransferFundsWithoutAmountTest()[pri:1, instance:com.parabank.testCases.PB_TransferFunds_TestCase@21337f7b]" started-at="2023-06-21T05:14:25 IST" name="TransferFundsWithoutAmountTest" finished-at="2023-06-21T05:14:36 IST" duration-ms="11337" status="PASS">
          <reporter-output>
          </reporter-output>
        </test-method> <!-- TransferFundsWithoutAmountTest -->
        <test-method signature="TransferFundsWithValidDetailsTest()[pri:2, instance:com.parabank.testCases.PB_TransferFunds_TestCase@21337f7b]" started-at="2023-06-21T05:14:36 IST" name="TransferFundsWithValidDetailsTest" finished-at="2023-06-21T05:14:40 IST" duration-ms="3888" status="FAIL">
          <exception class="java.lang.AssertionError">
            <message>
              <![CDATA[expected [true] but found [false]]]>
            </message>
            <full-stacktrace>
              <![CDATA[java.lang.AssertionError: expected [true] but found [false]
at org.testng.Assert.fail(Assert.java:111)
at org.testng.Assert.failNotEquals(Assert.java:1578)
at org.testng.Assert.assertTrue(Assert.java:57)
at org.testng.Assert.assertTrue(Assert.java:67)
at com.parabank.testCases.PB_TransferFunds_TestCase.TransferFundsWithValidDetailsTest(PB_TransferFunds_TestCase.java:89)
at java.base/jdk.internal.reflect.NativeMethodAccessorImpl.invoke0(Native Method)
at java.base/jdk.internal.reflect.NativeMethodAccessorImpl.invoke(NativeMethodAccessorImpl.java:77)
at java.base/jdk.internal.reflect.DelegatingMethodAccessorImpl.invoke(DelegatingMethodAccessorImpl.java:43)
at java.base/java.lang.reflect.Method.invoke(Method.java:568)
at org.testng.internal.invokers.MethodInvocationHelper.invokeMethod(MethodInvocationHelper.java:139)
at org.testng.internal.invokers.TestInvoker.invokeMethod(TestInvoker.java:664)
at org.testng.internal.invokers.TestInvoker.invokeTestMethod(TestInvoker.java:227)
at org.testng.internal.invokers.MethodRunner.runInSequence(MethodRunner.java:50)
at org.testng.internal.invokers.TestInvoker$MethodInvocationAgent.invoke(TestInvoker.java:957)
at org.testng.internal.invokers.TestInvoker.invokeTestMethods(TestInvoker.java:200)
at org.testng.internal.invokers.TestMethodWorker.invokeTestMethods(TestMethodWorker.java:148)
at org.testng.internal.invokers.TestMethodWorker.run(TestMethodWorker.java:128)
at java.base/java.util.ArrayList.forEach(ArrayList.java:1511)
at org.testng.TestRunner.privateRun(TestRunner.java:848)
at org.testng.TestRunner.run(TestRunner.java:621)
at org.testng.SuiteRunner.runTest(SuiteRunner.java:443)
at org.testng.SuiteRunner.runSequentially(SuiteRunner.java:437)
at org.testng.SuiteRunner.privateRun(SuiteRunner.java:397)
at org.testng.SuiteRunner.run(SuiteRunner.java:336)
at org.testng.SuiteRunnerWorker.runSuite(SuiteRunnerWorker.java:52)
at org.testng.SuiteRunnerWorker.run(SuiteRunnerWorker.java:95)
at org.testng.TestNG.runSuitesSequentially(TestNG.java:1280)
at org.testng.TestNG.runSuitesLocally(TestNG.java:1200)
at org.testng.TestNG.runSuites(TestNG.java:1114)
at org.testng.TestNG.run(TestNG.java:1082)
at org.testng.remote.AbstractRemoteTestNG.run(AbstractRemoteTestNG.java:115)
at org.testng.remote.RemoteTestNG.initAndRun(RemoteTestNG.java:251)
at org.testng.remote.RemoteTestNG.main(RemoteTestNG.java:77)
]]>
            </full-stacktrace>
          </exception> <!-- java.lang.AssertionError -->
          <reporter-output>
          </reporter-output>
        </test-method> <!-- TransferFundsWithValidDetailsTest -->
        <test-method is-config="true" signature="tearDown()[pri:0, instance:com.parabank.testCases.PB_TransferFunds_TestCase@21337f7b]" started-at="2023-06-21T05:14:40 IST" name="tearDown" finished-at="2023-06-21T05:14:40 IST" duration-ms="241" status="PASS">
          <reporter-output>
          </reporter-output>
        </test-method> <!-- tearDown -->
      </class> <!-- com.parabank.testCases.PB_TransferFunds_TestCase -->
      <class name="com.parabank.testCases.PB_Bill_Pay_TestCase">
        <test-method is-config="true" signature="setup(java.lang.String)[pri:0, instance:com.parabank.testCases.PB_Bill_Pay_TestCase@2bb3058]" started-at="2023-06-21T05:14:40 IST" name="setup" finished-at="2023-06-21T05:14:44 IST" duration-ms="3853" status="PASS">
          <params>
            <param index="0">
              <value>
                <![CDATA[chrome]]>
              </value>
            </param>
          </params>
          <reporter-output>
          </reporter-output>
        </test-method> <!-- setup -->
        <test-method signature="BillPayWithoutAmountTest()[pri:1, instance:com.parabank.testCases.PB_Bill_Pay_TestCase@2bb3058]" started-at="2023-06-21T05:14:44 IST" name="BillPayWithoutAmountTest" finished-at="2023-06-21T05:14:56 IST" duration-ms="11495" status="PASS">
          <reporter-output>
          </reporter-output>
        </test-method> <!-- BillPayWithoutAmountTest -->
        <test-method signature="BillPayWithValidDetailsTest()[pri:2, instance:com.parabank.testCases.PB_Bill_Pay_TestCase@2bb3058]" started-at="2023-06-21T05:14:56 IST" name="BillPayWithValidDetailsTest" finished-at="2023-06-21T05:15:00 IST" duration-ms="4057" status="FAIL">
          <exception class="java.lang.AssertionError">
            <message>
              <![CDATA[expected [true] but found [false]]]>
            </message>
            <full-stacktrace>
              <![CDATA[java.lang.AssertionError: expected [true] but found [false]
at org.testng.Assert.fail(Assert.java:111)
at org.testng.Assert.failNotEquals(Assert.java:1578)
at org.testng.Assert.assertTrue(Assert.java:57)
at org.testng.Assert.assertTrue(Assert.java:67)
at com.parabank.testCases.PB_Bill_Pay_TestCase.BillPayWithValidDetailsTest(PB_Bill_Pay_TestCase.java:89)
at java.base/jdk.internal.reflect.NativeMethodAccessorImpl.invoke0(Native Method)
at java.base/jdk.internal.reflect.NativeMethodAccessorImpl.invoke(NativeMethodAccessorImpl.java:77)
at java.base/jdk.internal.reflect.DelegatingMethodAccessorImpl.invoke(DelegatingMethodAccessorImpl.java:43)
at java.base/java.lang.reflect.Method.invoke(Method.java:568)
at org.testng.internal.invokers.MethodInvocationHelper.invokeMethod(MethodInvocationHelper.java:139)
at org.testng.internal.invokers.TestInvoker.invokeMethod(TestInvoker.java:664)
at org.testng.internal.invokers.TestInvoker.invokeTestMethod(TestInvoker.java:227)
at org.testng.internal.invokers.MethodRunner.runInSequence(MethodRunner.java:50)
at org.testng.internal.invokers.TestInvoker$MethodInvocationAgent.invoke(TestInvoker.java:957)
at org.testng.internal.invokers.TestInvoker.invokeTestMethods(TestInvoker.java:200)
at org.testng.internal.invokers.TestMethodWorker.invokeTestMethods(TestMethodWorker.java:148)
at org.testng.internal.invokers.TestMethodWorker.run(TestMethodWorker.java:128)
at java.base/java.util.ArrayList.forEach(ArrayList.java:1511)
at org.testng.TestRunner.privateRun(TestRunner.java:848)
at org.testng.TestRunner.run(TestRunner.java:621)
at org.testng.SuiteRunner.runTest(SuiteRunner.java:443)
at org.testng.SuiteRunner.runSequentially(SuiteRunner.java:437)
at org.testng.SuiteRunner.privateRun(SuiteRunner.java:397)
at org.testng.SuiteRunner.run(SuiteRunner.java:336)
at org.testng.SuiteRunnerWorker.runSuite(SuiteRunnerWorker.java:52)
at org.testng.SuiteRunnerWorker.run(SuiteRunnerWorker.java:95)
at org.testng.TestNG.runSuitesSequentially(TestNG.java:1280)
at org.testng.TestNG.runSuitesLocally(TestNG.java:1200)
at org.testng.TestNG.runSuites(TestNG.java:1114)
at org.testng.TestNG.run(TestNG.java:1082)
at org.testng.remote.AbstractRemoteTestNG.run(AbstractRemoteTestNG.java:115)
at org.testng.remote.RemoteTestNG.initAndRun(RemoteTestNG.java:251)
at org.testng.remote.RemoteTestNG.main(RemoteTestNG.java:77)
]]>
            </full-stacktrace>
          </exception> <!-- java.lang.AssertionError -->
          <reporter-output>
          </reporter-output>
        </test-method> <!-- BillPayWithValidDetailsTest -->
        <test-method is-config="true" signature="tearDown()[pri:0, instance:com.parabank.testCases.PB_Bill_Pay_TestCase@2bb3058]" started-at="2023-06-21T05:15:00 IST" name="tearDown" finished-at="2023-06-21T05:15:00 IST" duration-ms="165" status="PASS">
          <reporter-output>
          </reporter-output>
        </test-method> <!-- tearDown -->
      </class> <!-- com.parabank.testCases.PB_Bill_Pay_TestCase -->
    </test> <!-- ParaBanking Test -->
  </suite> <!-- ParaBankingSuite -->
</testng-results>
